[2025-06-05T09:00:53.962784+00:00] app.INFO: Incoming Request {"method":"GET","uri":"user","table":"user","id":null,"email":null,"body":[]} []
[2025-06-05T09:00:54.001358+00:00] app.WARNING: Blocked table access attempt {"table":"user"} []
[2025-06-05T09:01:15.168013+00:00] app.INFO: Incoming Request {"method":"GET","uri":"users/1","table":"users","id":"1","email":null,"body":[]} []
[2025-06-05T09:01:20.615632+00:00] app.INFO: Incoming Request {"method":"GET","uri":"users/50","table":"users","id":"50","email":null,"body":[]} []
[2025-06-05T09:03:18.086461+00:00] app.INFO: Incoming Request {"method":"POST","uri":"users","table":"users","id":null,"email":null,"body":{"name":"amine","email":"amine@gmail.com"}} []
[2025-06-05T09:03:40.583446+00:00] app.INFO: Incoming Request {"method":"GET","uri":"users","table":"users","id":null,"email":null,"body":[]} []
[2025-06-05T09:04:06.434745+00:00] app.INFO: Incoming Request {"method":"GET","uri":"users","table":"users","id":null,"email":null,"body":[]} []
[2025-06-05T09:05:17.484781+00:00] app.INFO: Incoming Request {"method":"GET","uri":"/users/?page=2&limit=1","table":"users","id":null,"email":null,"body":[]} []
[2025-06-05T09:14:32.878052+00:00] app.INFO: Incoming Request {"method":"GET","uri":"/products","table":"products","id":null,"email":null,"body":[]} []
[2025-06-05T09:19:14.894844+00:00] app.INFO: Incoming Request {"method":"POST","uri":"/users","table":"users","id":null,"email":null,"body":{"name":"amine","email":"amine@gmm"}} []
[2025-06-05T09:20:15.677821+00:00] app.INFO: Incoming Request {"method":"POST","uri":"/users","table":"users","id":null,"email":null,"body":[]} []
[2025-06-05T09:20:56.811074+00:00] app.INFO: Incoming Request {"method":"POST","uri":"/users","table":"users","id":null,"email":null,"body":{"name":"amine","emaiil":"email@gmail.com"}} []
[2025-06-05T09:21:35.605447+00:00] app.INFO: Incoming Request {"method":"POST","uri":"/users","table":"users","id":null,"email":null,"body":{"name":"amine","emaiil":"email@gmail.com"}} []
[2025-06-05T09:21:48.565284+00:00] app.INFO: Incoming Request {"method":"POST","uri":"/users","table":"users","id":null,"email":null,"body":{"name":"amine","emaiil":"email@gmail.com"}} []
[2025-06-05T09:21:58.407586+00:00] app.INFO: Incoming Request {"method":"POST","uri":"/users","table":"users","id":null,"email":null,"body":{"name":"amine","emaiil":"email@gmail.com"}} []
[2025-06-05T09:22:15.618697+00:00] app.INFO: Incoming Request {"method":"POST","uri":"/users","table":"users","id":null,"email":null,"body":{"name":"amine","emaiil":"email@gmail.com"}} []
[2025-06-05T09:22:31.683590+00:00] app.INFO: Incoming Request {"method":"POST","uri":"/users","table":"users","id":null,"email":null,"body":{"name":"amine","eemail":"email@gmail.com"}} []
[2025-06-05T09:22:38.558331+00:00] app.INFO: Incoming Request {"method":"POST","uri":"/users","table":"users","id":null,"email":null,"body":{"name":"amine","eemail":"email@gmail.com"}} []
[2025-06-05T09:23:13.452244+00:00] app.INFO: Incoming Request {"method":"POST","uri":"/users","table":"users","id":null,"email":null,"body":{"name":"amine","email":"email@gmail.com"}} []
[2025-06-05T09:23:22.304879+00:00] app.INFO: Incoming Request {"method":"POST","uri":"/users","table":"users","id":null,"email":null,"body":{"name":"amine","eeail":"email@gmail.com"}} []
[2025-06-05T09:23:31.315904+00:00] app.INFO: Incoming Request {"method":"POST","uri":"/users","table":"users","id":null,"email":null,"body":{"name":"amine","eemail":"email@gmail.com"}} []
[2025-06-05T09:23:42.209421+00:00] app.INFO: Incoming Request {"method":"POST","uri":"/users","table":"users","id":null,"email":null,"body":{"name":"amine","email":"email@gmail.com"}} []
[2025-06-05T09:23:45.208158+00:00] app.INFO: Incoming Request {"method":"POST","uri":"/users","table":"users","id":null,"email":null,"body":{"name":"amine","email":"email@gmail.com"}} []
[2025-06-05T10:35:10.648784+00:00] app.INFO: Incoming Request {"method":"POST","uri":"/users","table":"users","id":null,"email":null,"body":{"name":"Amine","email":"amine@example.com","password":"secret123"}} []
[2025-06-05T10:36:17.187754+00:00] app.INFO: Incoming Request {"method":"POST","uri":"//login","table":"","id":null,"email":null,"body":{"email":"amine@gmail.com","password":"secret123"}} []
[2025-06-05T10:36:17.225174+00:00] app.WARNING: Blocked table access attempt {"table":""} []
[2025-06-05T10:36:29.980673+00:00] app.INFO: Incoming Request {"method":"POST","uri":"//login","table":"","id":null,"email":null,"body":{"email":"amine@gmail.com","password":"secret123"}} []
[2025-06-05T10:36:30.019819+00:00] app.WARNING: Blocked table access attempt {"table":""} []
[2025-06-05T10:36:51.354750+00:00] app.INFO: Incoming Request {"method":"POST","uri":"//login","table":"","id":null,"email":null,"body":{"email":"amine@gmail.com","password":"secret123"}} []
[2025-06-05T10:36:51.391867+00:00] app.WARNING: Blocked table access attempt {"table":""} []
[2025-06-05T10:38:59.857700+00:00] app.INFO: Incoming Request {"method":"POST","uri":"/login","table":"login","id":null,"email":null,"body":{"email":"amine@example.com","password":"secret123"}} []
[2025-06-05T10:38:59.923356+00:00] app.WARNING: Blocked table access attempt {"table":"login"} []
[2025-06-05T10:40:20.193479+00:00] app.INFO: Incoming Request {"method":"POST","uri":"/login","table":"login","id":null,"email":null,"body":{"email":"amine@example.com","password":"secret123"}} []
[2025-06-05T10:41:21.303207+00:00] app.INFO: Incoming Request {"method":"POST","uri":"/login","table":"login","id":null,"email":null,"body":{"email":"amine@example.com","password":"secret123"}} []
[2025-06-05T10:41:50.693069+00:00] app.INFO: Incoming Request {"method":"POST","uri":"/login","table":"login","id":null,"email":null,"body":{"email":"amine@example.com","password":"secret123"}} []
[2025-06-05T10:42:28.552395+00:00] app.INFO: Incoming Request {"method":"GET","uri":"/users/?page=2&limit=1","table":"users","id":null,"email":null,"body":[]} []
[2025-06-05T10:42:37.033321+00:00] app.INFO: Incoming Request {"method":"GET","uri":"/users/?page=1&limit=1","table":"users","id":null,"email":null,"body":[]} []
[2025-06-05T10:45:42.216453+00:00] app.INFO: Incoming Request {"method":"GET","uri":"/users/?page=1&limit=1","table":"users","id":null,"email":null,"body":[]} []
[2025-06-05T10:46:07.864276+00:00] app.INFO: Incoming Request {"method":"POST","uri":"/login","table":"login","id":null,"email":null,"body":{"email":"amine@example.com","password":"secret123"}} []
[2025-06-05T10:46:45.839644+00:00] app.INFO: Incoming Request {"method":"POST","uri":"/users","table":"users","id":null,"email":null,"body":{"name":"Rida","email":"rida@example.com","password":"password"}} []
[2025-06-05T10:46:50.785993+00:00] app.INFO: Incoming Request {"method":"GET","uri":"/users/?page=1&limit=1","table":"users","id":null,"email":null,"body":[]} []
[2025-06-05T10:48:01.611972+00:00] app.INFO: Incoming Request {"method":"GET","uri":"/users","table":"users","id":null,"email":null,"body":[]} []
[2025-06-05T10:48:19.483040+00:00] app.INFO: Incoming Request {"method":"POST","uri":"/login","table":"login","id":null,"email":null,"body":{"email":"amine@example.com","password":"secret123"}} []
[2025-06-05T10:48:35.369033+00:00] app.INFO: Incoming Request {"method":"POST","uri":"/login","table":"login","id":null,"email":null,"body":{"email":"rida@example.com","password":"password"}} []
[2025-06-05T10:52:56.565958+00:00] app.INFO: Incoming Request {"method":"GET","uri":"/users","table":"users","id":null,"email":null,"body":[]} []
[2025-06-05T10:53:01.145189+00:00] app.INFO: Incoming Request {"method":"GET","uri":"/users","table":"users","id":null,"email":null,"body":[]} []
[2025-06-05T10:53:43.442032+00:00] app.INFO: Incoming Request {"method":"GET","uri":"/users","table":"users","id":null,"email":null,"body":[]} []
[2025-06-05T11:01:32.607064+00:00] app.INFO: Incoming Request {"method":"GET","uri":"/users","table":"users","id":null,"email":null,"body":[]} []
[2025-06-05T11:02:18.997526+00:00] app.INFO: Incoming Request {"method":"GET","uri":"/users","table":"users","id":null,"email":null,"body":[]} []
[2025-06-05T11:02:24.341236+00:00] app.INFO: Incoming Request {"method":"GET","uri":"/products","table":"products","id":null,"email":null,"body":[]} []
[2025-06-05T11:04:28.687924+00:00] app.INFO: Incoming Request {"method":"POST","uri":"/users","table":"users","id":null,"email":null,"body":{"name":"Rida","email":"rida@example.com","password":"password"}} []
[2025-06-05T11:04:37.268189+00:00] app.INFO: Incoming Request {"method":"POST","uri":"/login","table":"login","id":null,"email":null,"body":{"email":"rida@example.com","password":"password"}} []
[2025-06-05T11:04:59.901208+00:00] app.INFO: Incoming Request {"method":"GET","uri":"/products","table":"products","id":null,"email":null,"body":[]} []
[2025-06-05T11:12:17.286924+00:00] app.INFO: Incoming Request {"method":"POST","uri":"/login","table":"login","id":null,"email":null,"body":{"email":"rida@example.com","password":"password"}} []
[2025-06-05T11:12:26.208870+00:00] app.INFO: Incoming Request {"method":"POST","uri":"/login","table":"login","id":null,"email":null,"body":{"email":"rida@example.com","password":"password"}} []
[2025-06-05T11:13:58.288562+00:00] app.INFO: Incoming Request {"method":"POST","uri":"/login","table":"login","id":null,"email":null,"body":{"email":"rida@example.com","password":"password"}} []
[2025-06-05T11:13:58.328483+00:00] app.WARNING: Blocked table access attempt {"table":"login"} []
[2025-06-05T11:14:21.962678+00:00] app.INFO: Incoming Request {"method":"POST","uri":"/login","table":"login","id":null,"email":null,"body":{"email":"rida@example.com","password":"password"}} []
[2025-06-05T11:14:59.141505+00:00] app.INFO: Incoming Request {"method":"POST","uri":"/users","table":"users","id":null,"email":null,"body":{"name":"Rida","email":"rida@example.com","password":"password"}} []
[2025-06-05T11:15:18.526064+00:00] app.INFO: Incoming Request {"method":"POST","uri":"/login","table":"login","id":null,"email":null,"body":{"email":"rida@example.com","password":"password"}} []
[2025-06-05T11:17:11.246284+00:00] app.INFO: Incoming Request {"method":"GET","uri":"/users","table":"users","id":null,"email":null,"body":[]} []
[2025-06-05T11:19:12.269350+00:00] app.INFO: Incoming Request {"method":"GET","uri":"/users","table":"users","id":null,"email":null,"body":[]} []
[2025-06-05T11:35:26.022577+00:00] app.INFO: Incoming Request {"method":"GET","uri":"/users","table":"users","id":null,"email":null,"body":[]} []
[2025-06-05T11:39:01.972324+00:00] app.INFO: Incoming Request {"method":"GET","uri":"/users","table":"users","id":null,"email":null,"body":[]} []
[2025-06-05T11:39:15.248859+00:00] app.INFO: Incoming Request {"method":"GET","uri":"/uproducts","table":"uproducts","id":null,"email":null,"body":[]} []
[2025-06-05T11:39:15.284443+00:00] app.WARNING: Blocked table access attempt {"table":"uproducts"} []
[2025-06-05T11:39:37.071298+00:00] app.INFO: Incoming Request {"method":"GET","uri":"/uproducts","table":"uproducts","id":null,"email":null,"body":[]} []
[2025-06-05T11:39:37.109669+00:00] app.WARNING: Blocked table access attempt {"table":"uproducts"} []
[2025-06-05T11:40:01.150055+00:00] app.INFO: Incoming Request {"method":"GET","uri":"/users","table":"users","id":null,"email":null,"body":[]} []
[2025-06-05T11:42:29.645085+00:00] app.INFO: Incoming Request {"method":"POST","uri":"/users","table":"users","id":null,"email":null,"body":{"name":"Amine","email":"amine@example.com","password":"secret123"}} []
[2025-06-05T11:43:36.825077+00:00] app.INFO: Incoming Request {"method":"GET","uri":"/users","table":"users","id":null,"email":null,"body":[]} []
[2025-06-05T11:44:55.726791+00:00] app.INFO: Incoming Request {"method":"POST","uri":"/login","table":"login","id":null,"email":null,"body":{"email":"emaine@example.com","password":"secret123"}} []
[2025-06-05T11:45:14.944326+00:00] app.INFO: Incoming Request {"method":"POST","uri":"/login","table":"login","id":null,"email":null,"body":{"email":"emaine@example.com","password":"password"}} []
[2025-06-05T11:45:31.372133+00:00] app.INFO: Incoming Request {"method":"POST","uri":"/login","table":"login","id":null,"email":null,"body":{"email":"amine@example.com","password":"password"}} []
[2025-06-05T11:45:46.281674+00:00] app.INFO: Incoming Request {"method":"POST","uri":"/login","table":"login","id":null,"email":null,"body":{"email":"amine@example.com","password":"secret123"}} []
[2025-06-05T11:47:11.956379+00:00] app.INFO: Incoming Request {"method":"GET","uri":"/users","table":"users","id":null,"email":null,"body":[]} []
[2025-06-05T11:47:43.991842+00:00] app.INFO: Incoming Request {"method":"GET","uri":"/users","table":"users","id":null,"email":null,"body":[]} []
[2025-06-05T11:47:55.498878+00:00] app.INFO: Incoming Request {"method":"GET","uri":"/uproducts","table":"uproducts","id":null,"email":null,"body":[]} []
[2025-06-05T11:47:55.537897+00:00] app.WARNING: Blocked table access attempt {"table":"uproducts"} []
[2025-06-05T11:48:07.217325+00:00] app.INFO: Incoming Request {"method":"GET","uri":"/uproducts","table":"uproducts","id":null,"email":null,"body":[]} []
[2025-06-05T11:48:07.252879+00:00] app.WARNING: Blocked table access attempt {"table":"uproducts"} []
[2025-06-05T11:48:24.005936+00:00] app.INFO: Incoming Request {"method":"GET","uri":"/users","table":"users","id":null,"email":null,"body":[]} []
[2025-06-05T11:48:34.743087+00:00] app.INFO: Incoming Request {"method":"GET","uri":"/uproducts","table":"uproducts","id":null,"email":null,"body":[]} []
[2025-06-05T11:48:34.778947+00:00] app.WARNING: Blocked table access attempt {"table":"uproducts"} []
[2025-06-05T11:48:46.025207+00:00] app.INFO: Incoming Request {"method":"GET","uri":"/products","table":"products","id":null,"email":null,"body":[]} []
[2025-06-05T11:49:13.897329+00:00] app.INFO: Incoming Request {"method":"GET","uri":"/uproducts","table":"uproducts","id":null,"email":null,"body":[]} []
[2025-06-05T11:49:13.964993+00:00] app.WARNING: Blocked table access attempt {"table":"uproducts"} []
[2025-06-05T11:49:24.980860+00:00] app.INFO: Incoming Request {"method":"GET","uri":"/uproducts","table":"uproducts","id":null,"email":null,"body":[]} []
[2025-06-05T11:49:25.018514+00:00] app.WARNING: Blocked table access attempt {"table":"uproducts"} []
[2025-06-05T12:23:08.712754+00:00] app.INFO: Incoming Request {"method":"GET","uri":"/products","table":"products","id":null,"email":null,"body":[]} []
[2025-06-05T12:23:12.918384+00:00] app.INFO: Incoming Request {"method":"GET","uri":"/products","table":"products","id":null,"email":null,"body":[]} []
[2025-06-05T12:23:21.043174+00:00] app.INFO: Incoming Request {"method":"GET","uri":"/users","table":"users","id":null,"email":null,"body":[]} []
[2025-06-05T12:24:50.775621+00:00] app.INFO: Incoming Request {"method":"POST","uri":"/login","table":"login","id":null,"email":null,"body":{"email":"amine@example.com","password":"secret123"}} []
[2025-06-05T12:24:50.857509+00:00] app.WARNING: Blocked table access attempt {"table":"login"} []
[2025-06-05T12:25:03.976046+00:00] app.INFO: Incoming Request {"method":"POST","uri":"/lusers-H","table":"lusers-H","id":null,"email":null,"body":{"email":"amine@example.com","password":"secret123"}} []
[2025-06-05T12:25:04.052284+00:00] app.WARNING: Blocked table access attempt {"table":"lusers-H"} []
[2025-06-05T12:25:17.936742+00:00] app.INFO: Incoming Request {"method":"POST","uri":"/users","table":"users","id":null,"email":null,"body":{"name":"Rida","email":"rida@example.com","password":"password"}} []
[2025-06-05T12:30:08.722507+00:00] app.INFO: Incoming Request {"method":"GET","uri":"/users","table":"users","id":null,"email":null,"body":[]} []
[2025-06-05T12:30:56.358999+00:00] app.INFO: Incoming Request {"method":"GET","uri":"/users","table":"users","id":null,"email":null,"body":[]} []
[2025-06-05T12:31:01.382214+00:00] app.INFO: Incoming Request {"method":"GET","uri":"/users/1","table":"users","id":"1","email":null,"body":[]} []
[2025-06-05T12:31:05.254917+00:00] app.INFO: Incoming Request {"method":"GET","uri":"/users/2","table":"users","id":"2","email":null,"body":[]} []
[2025-06-05T12:31:08.784342+00:00] app.INFO: Incoming Request {"method":"GET","uri":"/users/2/","table":"users","id":"2","email":null,"body":[]} []
[2025-06-05T12:31:12.652013+00:00] app.INFO: Incoming Request {"method":"GET","uri":"/users/2/s","table":"users","id":"2","email":null,"body":[]} []
[2025-06-05T12:31:21.300097+00:00] app.INFO: Incoming Request {"method":"GET","uri":"/products","table":"products","id":null,"email":null,"body":[]} []
[2025-06-05T12:31:24.161164+00:00] app.INFO: Incoming Request {"method":"GET","uri":"/products/1","table":"products","id":"1","email":null,"body":[]} []
[2025-06-05T12:32:06.227025+00:00] app.INFO: Incoming Request {"method":"GET","uri":"/users/1","table":"users","id":"1","email":null,"body":[]} []
[2025-06-05T12:32:18.830282+00:00] app.INFO: Incoming Request {"method":"DELETE","uri":"/users/2","table":"users","id":"2","email":null,"body":[]} []
[2025-06-05T12:33:55.898157+00:00] app.INFO: Incoming Request {"method":"PATCH","uri":"/users/2","table":"users","id":"2","email":null,"body":{"name":"New Name","email":"newemail@example.com"}} []
[2025-06-05T12:34:51.839355+00:00] app.INFO: Incoming Request {"method":"PATCH","uri":"/users/1","table":"users","id":"1","email":null,"body":{"name":"New Name","email":"newemail@example.com"}} []
